
Wed, 10 Jul 2019 13:11:31 GMT - Info - Server is running on port: 3000
Wed, 10 Jul 2019 14:22:12 GMT - Info - Server is running on port: 3000
Wed, 10 Jul 2019 14:22:33 GMT - Info - Server is running on port: 3000
Wed, 10 Jul 2019 14:22:46 GMT - Info - Server is running on port: 3000
Wed, 10 Jul 2019 14:23:10 GMT - Info - Server is running on port: 3000
Wed, 10 Jul 2019 14:23:22 GMT - Info - Server is running on port: 3000
Wed, 10 Jul 2019 14:25:08 GMT - Info - Server is running on port: 3000
Wed, 10 Jul 2019 14:25:44 GMT - Info - Server is running on port: 3000
Wed, 10 Jul 2019 14:25:56 GMT - Info - Server is running on port: 3000
Wed, 10 Jul 2019 14:25:58 GMT - Info - Server is running on port: 3000
Wed, 10 Jul 2019 14:31:13 GMT - Info - Server is running on port: 3000
Wed, 10 Jul 2019 14:32:45 GMT - Info - Server is running on port: 3000
Wed, 10 Jul 2019 14:33:09 GMT - Info - Server is running on port: 3000
Wed, 10 Jul 2019 14:34:12 GMT - Info - Server is running on port: 3000
Wed, 10 Jul 2019 14:34:17 GMT - Info - Server is running on port: 3000
Wed, 10 Jul 2019 14:34:27 GMT - Info - Server is running on port: 3000
Wed, 10 Jul 2019 14:34:52 GMT - Info - Server is running on port: 3000
Wed, 10 Jul 2019 14:35:00 GMT - Info - Server is running on port: 3000
Wed, 10 Jul 2019 14:35:29 GMT - Debug - undefined, undefined
Wed, 10 Jul 2019 14:35:29 GMT - Debug - auth.service - signup with email: undefined, username: undefined
Wed, 10 Jul 2019 14:35:29 GMT - Error - [SIGNUP] email, username and password are required!
Wed, 10 Jul 2019 14:38:42 GMT - Debug - auth.service - login with email: jonatan
Wed, 10 Jul 2019 14:38:54 GMT - Debug - jonatan, jonatan@misterbit.co.il
Wed, 10 Jul 2019 14:38:54 GMT - Debug - auth.service - signup with email: jonatan, username: jonatan@misterbit.co.il
Wed, 10 Jul 2019 14:38:54 GMT - Debug - auth.route - new account created: {"email":"jonatan","password":"$2b$10$BfoEC57EGUPckGm4pe.7JuNyEZJGDCdbVjS4wRgjJiaMH2DYSFLci","username":"jonatan@misterbit.co.il","_id":"5d25f87e837ad5457c895bef"}
Wed, 10 Jul 2019 14:38:54 GMT - Debug - auth.service - login with email: jonatan
Wed, 10 Jul 2019 14:41:47 GMT - Info - Server is running on port: 3000
Wed, 10 Jul 2019 14:41:54 GMT - Info - Server is running on port: 3000
Wed, 10 Jul 2019 14:46:41 GMT - Debug - auth.service - login with email: jonatan
Wed, 10 Jul 2019 14:46:45 GMT - Debug - auth.service - login with email: jonatan
Wed, 10 Jul 2019 14:47:04 GMT - Debug - undefined, undefined
Wed, 10 Jul 2019 14:47:04 GMT - Debug - auth.service - signup with email: undefined, username: undefined
Wed, 10 Jul 2019 14:47:04 GMT - Error - [SIGNUP] email, username and password are required!
Wed, 10 Jul 2019 14:47:39 GMT - Debug - jon@mis.co.il, jon
Wed, 10 Jul 2019 14:47:39 GMT - Debug - auth.service - signup with email: jon@mis.co.il, username: jon
Wed, 10 Jul 2019 14:47:40 GMT - Debug - auth.route - new account created: {"email":"jon@mis.co.il","password":"$2b$10$7yGX0IB83NXsLMe3OWrUuOfNxNtfKc/6KM6K1TPHrtG1mYL4dzCAW","username":"jon","_id":"5d25fa8c36d1821e5c0a9ceb"}
Wed, 10 Jul 2019 14:47:40 GMT - Debug - auth.service - login with email: jon@mis.co.il
Wed, 10 Jul 2019 14:49:56 GMT - Info - Server is running on port: 3000
Wed, 10 Jul 2019 14:50:23 GMT - Info - Server is running on port: 3000
Wed, 10 Jul 2019 14:51:36 GMT - Info - Server is running on port: 3000
Wed, 10 Jul 2019 14:52:35 GMT - Info - Server is running on port: 3000
Wed, 10 Jul 2019 14:53:14 GMT - Debug - auth.service - login with email: jon@mis.co.il
Wed, 10 Jul 2019 14:53:29 GMT - Debug - auth.service - login with email: jon@mis.co.il
Wed, 10 Jul 2019 14:54:26 GMT - Info - Server is running on port: 3000
Wed, 10 Jul 2019 14:55:01 GMT - Debug - jon@mis.co.il, jon
Wed, 10 Jul 2019 14:55:01 GMT - Debug - auth.service - signup with email: jon@mis.co.il, username: jon
Wed, 10 Jul 2019 14:55:03 GMT - Debug - auth.route - new account created: {"email":"jon@mis.co.il","password":"$2b$10$mjFeIQR1vP7BIvZhWwVWoeHpwr7BCtvfh2bUGIpygV5Pl6sGuQcPm","username":"jon","_id":"5d25fc475b04f22128c96b2f"}
Wed, 10 Jul 2019 14:55:03 GMT - Debug - auth.service - login with email: jon@mis.co.il
Wed, 10 Jul 2019 14:55:03 GMT - Error - [SIGNUP] TypeError: Cannot set property 'user' of undefined
Wed, 10 Jul 2019 14:55:38 GMT - Info - Server is running on port: 3000
Wed, 10 Jul 2019 14:55:39 GMT - Debug - jon@mis.co.il, jon
Wed, 10 Jul 2019 14:55:39 GMT - Debug - auth.service - signup with email: jon@mis.co.il, username: jon
Wed, 10 Jul 2019 14:55:41 GMT - Debug - auth.route - new account created: {"email":"jon@mis.co.il","password":"$2b$10$pZsqTJHj6lhwmIL5p/5B9ufj45WPDfEtYOAbwwaVw4xW13hFDCur.","username":"jon","_id":"5d25fc6d847d2a183c18b841"}
Wed, 10 Jul 2019 14:55:41 GMT - Debug - auth.service - login with email: jon@mis.co.il
Wed, 10 Jul 2019 14:55:41 GMT - Error - [SIGNUP] TypeError: Cannot set property 'user' of undefined
Wed, 10 Jul 2019 14:57:12 GMT - Info - Server is running on port: 3000
Wed, 10 Jul 2019 14:57:17 GMT - Debug - jon@mis.co.il, jon
Wed, 10 Jul 2019 14:57:17 GMT - Debug - auth.service - signup with email: jon@mis.co.il, username: jon
Wed, 10 Jul 2019 14:57:19 GMT - Debug - auth.route - new account created: {"email":"jon@mis.co.il","password":"$2b$10$rFffEyyGOkvoBLRFNLUc.u3yN/xgnxbN22FmR0Tua21.tYKiotO2W","username":"jon","_id":"5d25fcce772d8e2884397ce8"}
Wed, 10 Jul 2019 14:57:19 GMT - Debug - auth.service - login with email: jon@mis.co.il
Wed, 10 Jul 2019 14:58:16 GMT - Debug - auth.service - login with email: jon@mis.co.il
Wed, 10 Jul 2019 14:58:28 GMT - Debug - auth.service - login with email: jon@mis.co.il
Wed, 10 Jul 2019 14:58:31 GMT - Debug - auth.service - login with email: jon@mis.co.il
Wed, 10 Jul 2019 14:59:01 GMT - Info - Server is running on port: 3000
Wed, 10 Jul 2019 15:23:05 GMT - Info - Server is running on port: 3000
Wed, 10 Jul 2019 15:23:58 GMT - Info - Server is running on port: 3000
Wed, 10 Jul 2019 15:30:50 GMT - Info - Server is running on port: 3000
Wed, 10 Jul 2019 15:32:03 GMT - Info - Server is running on port: 3000
Wed, 10 Jul 2019 15:32:33 GMT - Info - Server is running on port: 3000
Wed, 10 Jul 2019 15:35:14 GMT - Info - Server is running on port: 3000
Wed, 10 Jul 2019 18:28:58 GMT - Info - Server is running on port: 3000
Wed, 10 Jul 2019 18:30:28 GMT - Info - Server is running on port: 3000
Wed, 10 Jul 2019 19:24:34 GMT - Debug - yan@mister.co, yan
Wed, 10 Jul 2019 19:24:34 GMT - Debug - auth.service - signup with email: yan@mister.co, username: yan
Wed, 10 Jul 2019 19:24:36 GMT - Error - [SIGNUP] MongoNetworkError: failed to connect to server [localhost:27017] on first connect [MongoNetworkError: connect ECONNREFUSED 127.0.0.1:27017]
Wed, 10 Jul 2019 19:25:00 GMT - Info - Server is running on port: 3000
Wed, 10 Jul 2019 19:25:02 GMT - Debug - yan@mister.co, yan
Wed, 10 Jul 2019 19:25:02 GMT - Debug - auth.service - signup with email: yan@mister.co, username: yan
Wed, 10 Jul 2019 19:25:03 GMT - Debug - auth.route - new account created: {"email":"yan@mister.co","password":"$2b$10$rbX0oMmEzqN3ankRxFb1tuU3U74OtFV/78V/iKGTk3DouEUkpW6Qq","username":"yan","_id":"5d263b8f9614dc3dac20834c"}
Wed, 10 Jul 2019 19:25:03 GMT - Debug - auth.service - login with email: yan@mister.co
Wed, 10 Jul 2019 19:25:19 GMT - Debug - auth.service - login with email: yan@mister.co
Wed, 10 Jul 2019 19:25:30 GMT - Info - Server is running on port: 3000
Wed, 10 Jul 2019 19:25:42 GMT - Info - Server is running on port: 3000
Wed, 10 Jul 2019 19:25:55 GMT - Info - Server is running on port: 3000
Wed, 10 Jul 2019 19:26:10 GMT - Info - Server is running on port: 3000
Thu, 11 Jul 2019 05:40:33 GMT - Info - Server is running on port: 3000
Thu, 11 Jul 2019 05:57:32 GMT - Debug - popo, popo
Thu, 11 Jul 2019 05:57:32 GMT - Debug - auth.service - signup with email: popo, username: popo
Thu, 11 Jul 2019 05:57:33 GMT - Debug - auth.route - new account created: {"email":"popo","password":"$2b$10$Ai.8GBlGy8z.ORz6NAbxyuTxHSG.ZCHB4tjPTKRkIZ5Yg7OarKryq","username":"popo","_id":"5d26cfcda2236258b00ab0ba"}
Thu, 11 Jul 2019 05:57:33 GMT - Debug - auth.service - login with email: popo
Thu, 11 Jul 2019 06:03:42 GMT - Info - Server is running on port: 3000
Thu, 11 Jul 2019 06:03:49 GMT - Debug - momo, momo
Thu, 11 Jul 2019 06:03:49 GMT - Debug - auth.service - signup with email: momo, username: momo
Thu, 11 Jul 2019 06:03:50 GMT - Debug - auth.route - new account created: {"email":"momo","password":"$2b$10$QR6hmGOxGBejSHQ4ty4r5O/jO/kST9EoIxFTd6C7/UPSGaIqstXK.","username":"momo","_id":"5d26d146c947c945206937d0"}
Thu, 11 Jul 2019 06:03:50 GMT - Debug - auth.service - login with email: momo
Thu, 11 Jul 2019 06:05:35 GMT - Info - Server is running on port: 3000
Thu, 11 Jul 2019 06:05:58 GMT - Info - Server is running on port: 3000
Thu, 11 Jul 2019 06:06:08 GMT - Info - Server is running on port: 3000
Thu, 11 Jul 2019 06:06:43 GMT - Debug - koko, koko
Thu, 11 Jul 2019 06:06:43 GMT - Debug - auth.service - signup with email: koko, username: koko
Thu, 11 Jul 2019 06:06:44 GMT - Error - [SIGNUP] ReferenceError: account is not defined
Thu, 11 Jul 2019 06:07:02 GMT - Info - Server is running on port: 3000
Thu, 11 Jul 2019 06:07:06 GMT - Info - Server is running on port: 3000
Thu, 11 Jul 2019 06:07:16 GMT - Debug - gogo, gogo
Thu, 11 Jul 2019 06:07:16 GMT - Debug - auth.service - signup with email: gogo, username: gogo
Thu, 11 Jul 2019 06:07:17 GMT - Debug - auth.route - new user created: {"email":"gogo","password":"$2b$10$2JcuP9UmApYAW8A4XwPaiuLyPfHpzb0WcAbuZIGWcCHj9YvuCXMQC","username":"gogo","_id":"5d26d2158a68910b109281cf"}
Thu, 11 Jul 2019 06:08:41 GMT - Info - Server is running on port: 3000
Thu, 11 Jul 2019 06:08:48 GMT - Info - Server is running on port: 3000
Thu, 11 Jul 2019 06:09:30 GMT - Info - Server is running on port: 3000
Thu, 11 Jul 2019 06:09:34 GMT - Info - Server is running on port: 3000
Thu, 11 Jul 2019 06:09:41 GMT - Debug - yoyo, yoyo
Thu, 11 Jul 2019 06:09:41 GMT - Debug - auth.service - signup with email: yoyo, username: yoyo
Thu, 11 Jul 2019 06:09:42 GMT - Debug - auth.route - new user created: {"email":"yoyo","username":"yoyo","_id":"5d26d2a64c0aedaa60cb7327"}
Thu, 11 Jul 2019 06:09:57 GMT - Debug - auth.service - login with email: yoyo
Thu, 11 Jul 2019 06:11:17 GMT - Info - Server is running on port: 3000
Thu, 11 Jul 2019 06:13:33 GMT - Info - Server is running on port: 3000
Thu, 11 Jul 2019 06:14:01 GMT - Info - Server is running on port: 3000
Thu, 11 Jul 2019 06:14:04 GMT - Info - Server is running on port: 3000
Thu, 11 Jul 2019 07:23:39 GMT - Info - Server is running on port: 3000
Thu, 11 Jul 2019 08:27:14 GMT - Info - Server is running on port: 3000
Thu, 11 Jul 2019 08:27:46 GMT - Info - Server is running on port: 3000
Thu, 11 Jul 2019 12:20:21 GMT - Info - Server is running on port: 3000
Thu, 11 Jul 2019 13:05:02 GMT - Info - Server is running on port: 3000
Thu, 11 Jul 2019 13:07:23 GMT - Info - Server is running on port: 3000
Sat, 13 Jul 2019 15:10:41 GMT - Info - Server is running on port: 3000
Sat, 13 Jul 2019 15:13:45 GMT - Info - Server is running on port: 3000
Sat, 13 Jul 2019 15:14:23 GMT - Info - Server is running on port: 3000
Sat, 13 Jul 2019 15:15:22 GMT - Info - Server is running on port: 3000
Sat, 13 Jul 2019 15:16:07 GMT - Info - Server is running on port: 3000
Sat, 13 Jul 2019 15:16:20 GMT - Info - Server is running on port: 3000
Sat, 13 Jul 2019 15:16:23 GMT - Info - Server is running on port: 3000
Sat, 13 Jul 2019 15:16:33 GMT - Info - Server is running on port: 3000
Sat, 13 Jul 2019 15:16:38 GMT - Info - Server is running on port: 3000
Sat, 13 Jul 2019 15:16:50 GMT - Info - Server is running on port: 3000
Sat, 13 Jul 2019 15:16:53 GMT - Info - Server is running on port: 3000
Sat, 13 Jul 2019 15:16:55 GMT - Info - Server is running on port: 3000
Sat, 13 Jul 2019 15:17:05 GMT - Info - Server is running on port: 3000
Sat, 13 Jul 2019 15:17:08 GMT - Info - Server is running on port: 3000
Sat, 13 Jul 2019 15:17:12 GMT - Info - Server is running on port: 3000
Sat, 13 Jul 2019 15:17:16 GMT - Info - Server is running on port: 3000
Sat, 13 Jul 2019 15:17:18 GMT - Info - Server is running on port: 3000
Sat, 13 Jul 2019 15:17:22 GMT - Info - Server is running on port: 3000
Sat, 13 Jul 2019 15:17:24 GMT - Info - Server is running on port: 3000
Sat, 13 Jul 2019 15:17:41 GMT - Info - Server is running on port: 3000
Sat, 13 Jul 2019 15:17:46 GMT - Info - Server is running on port: 3000
Sat, 13 Jul 2019 15:17:48 GMT - Info - Server is running on port: 3000
Sat, 13 Jul 2019 15:17:54 GMT - Info - Server is running on port: 3000
Sat, 13 Jul 2019 15:17:57 GMT - Info - Server is running on port: 3000
Sat, 13 Jul 2019 15:17:59 GMT - Info - Server is running on port: 3000
Sat, 13 Jul 2019 15:18:03 GMT - Info - Server is running on port: 3000
Sat, 13 Jul 2019 15:18:05 GMT - Info - Server is running on port: 3000
Sat, 13 Jul 2019 15:18:07 GMT - Info - Server is running on port: 3000
Sat, 13 Jul 2019 15:18:10 GMT - Info - Server is running on port: 3000
Sat, 13 Jul 2019 15:18:12 GMT - Info - Server is running on port: 3000
Sat, 13 Jul 2019 15:18:16 GMT - Info - Server is running on port: 3000
Sat, 13 Jul 2019 15:18:18 GMT - Info - Server is running on port: 3000
Sat, 13 Jul 2019 15:18:21 GMT - Info - Server is running on port: 3000
Sat, 13 Jul 2019 15:18:24 GMT - Info - Server is running on port: 3000
Sat, 13 Jul 2019 15:18:27 GMT - Info - Server is running on port: 3000
Sat, 13 Jul 2019 15:18:29 GMT - Info - Server is running on port: 3000
Sat, 13 Jul 2019 15:18:32 GMT - Info - Server is running on port: 3000
Sat, 13 Jul 2019 15:18:35 GMT - Info - Server is running on port: 3000
Sat, 13 Jul 2019 15:18:39 GMT - Info - Server is running on port: 3000
Sat, 13 Jul 2019 15:19:19 GMT - Info - Server is running on port: 3000
Sat, 13 Jul 2019 15:19:25 GMT - Info - Server is running on port: 3000
Sat, 13 Jul 2019 15:19:59 GMT - Info - Server is running on port: 3000
Sat, 13 Jul 2019 15:20:03 GMT - Info - Server is running on port: 3000
Sat, 13 Jul 2019 15:21:07 GMT - Info - Server is running on port: 3000
Sat, 13 Jul 2019 15:21:11 GMT - Info - Server is running on port: 3000
Sat, 13 Jul 2019 15:21:15 GMT - Info - Server is running on port: 3000
Sat, 13 Jul 2019 15:21:18 GMT - Info - Server is running on port: 3000
Sat, 13 Jul 2019 15:21:23 GMT - Info - Server is running on port: 3000
Sat, 13 Jul 2019 15:21:25 GMT - Info - Server is running on port: 3000
Sat, 13 Jul 2019 15:21:30 GMT - Info - Server is running on port: 3000
Sat, 13 Jul 2019 15:21:33 GMT - Info - Server is running on port: 3000
Sat, 13 Jul 2019 15:21:36 GMT - Info - Server is running on port: 3000
Sat, 13 Jul 2019 15:21:37 GMT - Info - Server is running on port: 3000
Sat, 13 Jul 2019 15:21:43 GMT - Info - Server is running on port: 3000
Sat, 13 Jul 2019 15:21:49 GMT - Info - Server is running on port: 3000
Sat, 13 Jul 2019 15:21:52 GMT - Info - Server is running on port: 3000
Sat, 13 Jul 2019 15:22:01 GMT - Info - Server is running on port: 3000
Sat, 13 Jul 2019 15:22:04 GMT - Info - Server is running on port: 3000
Sat, 13 Jul 2019 15:22:08 GMT - Info - Server is running on port: 3000
Sat, 13 Jul 2019 15:22:13 GMT - Info - Server is running on port: 3000
Sat, 13 Jul 2019 15:22:16 GMT - Info - Server is running on port: 3000
Sat, 13 Jul 2019 15:22:24 GMT - Info - Server is running on port: 3000
Sat, 13 Jul 2019 15:22:46 GMT - Info - Server is running on port: 3000
Sat, 13 Jul 2019 15:22:49 GMT - Info - Server is running on port: 3000
Sat, 13 Jul 2019 15:22:53 GMT - Info - Server is running on port: 3000
Sat, 13 Jul 2019 15:22:57 GMT - Info - Server is running on port: 3000
Sat, 13 Jul 2019 15:23:00 GMT - Info - Server is running on port: 3000
Sat, 13 Jul 2019 15:23:12 GMT - Info - Server is running on port: 3000
Sat, 13 Jul 2019 15:23:15 GMT - Info - Server is running on port: 3000
Sat, 13 Jul 2019 15:23:17 GMT - Info - Server is running on port: 3000
Sat, 13 Jul 2019 15:28:49 GMT - Info - Server is running on port: 3000
Sat, 13 Jul 2019 15:45:13 GMT - Info - Server is running on port: 3000
Sat, 13 Jul 2019 15:45:23 GMT - Info - Server is running on port: 3000
Sat, 13 Jul 2019 15:45:27 GMT - Info - Server is running on port: 3000
Sat, 13 Jul 2019 15:45:31 GMT - Info - Server is running on port: 3000
Sat, 13 Jul 2019 15:49:06 GMT - Info - Server is running on port: 3000
Sat, 13 Jul 2019 15:49:20 GMT - Info - Server is running on port: 3000
Sat, 13 Jul 2019 15:49:27 GMT - Info - Server is running on port: 3000
Sat, 13 Jul 2019 15:49:33 GMT - Info - Server is running on port: 3000
Sat, 13 Jul 2019 15:49:35 GMT - Info - Server is running on port: 3000
Sat, 13 Jul 2019 15:49:40 GMT - Info - Server is running on port: 3000
Sat, 13 Jul 2019 15:49:43 GMT - Info - Server is running on port: 3000
Sat, 13 Jul 2019 15:53:59 GMT - Info - Server is running on port: 3000
Sat, 13 Jul 2019 15:54:03 GMT - Info - Server is running on port: 3000
Sat, 13 Jul 2019 15:54:10 GMT - Info - Server is running on port: 3000
Sat, 13 Jul 2019 15:54:13 GMT - Info - Server is running on port: 3000
Sat, 13 Jul 2019 15:54:17 GMT - Info - Server is running on port: 3000
Sat, 13 Jul 2019 16:01:25 GMT - Info - Server is running on port: 3000
Sat, 13 Jul 2019 16:06:51 GMT - Info - Server is running on port: 3000
Sat, 13 Jul 2019 16:06:54 GMT - Info - Server is running on port: 3000
Sat, 13 Jul 2019 16:06:58 GMT - Info - Server is running on port: 3000
Sat, 13 Jul 2019 16:07:00 GMT - Info - Server is running on port: 3000
Sat, 13 Jul 2019 16:08:55 GMT - Info - Server is running on port: 3000
Sat, 13 Jul 2019 16:28:02 GMT - Info - Server is running on port: 3000
Sat, 13 Jul 2019 16:28:09 GMT - Info - Server is running on port: 3000
Sat, 13 Jul 2019 16:29:37 GMT - Info - Server is running on port: 3000
Sat, 13 Jul 2019 16:32:43 GMT - Info - Server is running on port: 3000
Sat, 13 Jul 2019 16:32:47 GMT - Info - Server is running on port: 3000
Sat, 13 Jul 2019 17:36:24 GMT - Info - Server is running on port: 3000
Sat, 13 Jul 2019 17:36:33 GMT - Info - Server is running on port: 3000
Sat, 13 Jul 2019 17:39:49 GMT - Info - Server is running on port: 3000
Sat, 13 Jul 2019 17:39:56 GMT - Info - Server is running on port: 3000
Sat, 13 Jul 2019 17:40:32 GMT - Info - Server is running on port: 3000
Sat, 13 Jul 2019 17:40:43 GMT - Info - Server is running on port: 3000
Sat, 13 Jul 2019 17:40:48 GMT - Info - Server is running on port: 3000
Sat, 13 Jul 2019 17:40:55 GMT - Info - Server is running on port: 3000
Sat, 13 Jul 2019 17:44:03 GMT - Info - Server is running on port: 3000
Sat, 13 Jul 2019 17:44:12 GMT - Info - Server is running on port: 3000
Sat, 13 Jul 2019 17:45:34 GMT - Info - Server is running on port: 3000
Sat, 13 Jul 2019 17:45:37 GMT - Info - Server is running on port: 3000
Sat, 13 Jul 2019 17:45:41 GMT - Info - Server is running on port: 3000
Sat, 13 Jul 2019 17:45:45 GMT - Info - Server is running on port: 3000
Sat, 13 Jul 2019 17:46:29 GMT - Info - Server is running on port: 3000
Sat, 13 Jul 2019 17:46:36 GMT - Info - Server is running on port: 3000
Sat, 13 Jul 2019 17:47:01 GMT - Info - Server is running on port: 3000
Sat, 13 Jul 2019 17:51:33 GMT - Info - Server is running on port: 3000
Sat, 13 Jul 2019 18:01:18 GMT - Info - Server is running on port: 3000
Sat, 13 Jul 2019 18:02:26 GMT - Info - Server is running on port: 3000
Sat, 13 Jul 2019 18:02:37 GMT - Info - Server is running on port: 3000
Sat, 13 Jul 2019 18:07:43 GMT - Info - Server is running on port: 3000
Sat, 13 Jul 2019 18:07:53 GMT - Info - Server is running on port: 3000
Sat, 13 Jul 2019 18:07:56 GMT - Info - Server is running on port: 3000
Sat, 13 Jul 2019 18:08:22 GMT - Info - Server is running on port: 3000
Sat, 13 Jul 2019 18:08:33 GMT - Info - Server is running on port: 3000
Sat, 13 Jul 2019 18:08:41 GMT - Info - Server is running on port: 3000
Sat, 13 Jul 2019 18:08:43 GMT - Info - Server is running on port: 3000
Sat, 13 Jul 2019 18:08:58 GMT - Info - Server is running on port: 3000
Sat, 13 Jul 2019 18:18:45 GMT - Info - Server is running on port: 3000
Sat, 13 Jul 2019 19:18:02 GMT - Info - Server is running on port: 3000
Sat, 13 Jul 2019 19:18:05 GMT - Info - Server is running on port: 3000
Sat, 13 Jul 2019 19:37:01 GMT - Info - Server is running on port: 3000
Sat, 13 Jul 2019 19:37:31 GMT - Info - Server is running on port: 3000
Sat, 13 Jul 2019 19:38:45 GMT - Info - Server is running on port: 3000
Sat, 13 Jul 2019 19:39:19 GMT - Info - Server is running on port: 3000
Sat, 13 Jul 2019 19:39:23 GMT - Info - Server is running on port: 3000
Sat, 13 Jul 2019 19:40:07 GMT - Info - Server is running on port: 3000
Sat, 13 Jul 2019 19:40:13 GMT - Info - Server is running on port: 3000
Sat, 13 Jul 2019 19:44:32 GMT - Info - Server is running on port: 3000
Sat, 13 Jul 2019 19:47:31 GMT - Info - Server is running on port: 3000
Sat, 13 Jul 2019 20:10:53 GMT - Info - Server is running on port: 3000
Sat, 13 Jul 2019 20:11:02 GMT - Info - Server is running on port: 3000
Sat, 13 Jul 2019 20:11:12 GMT - Info - Server is running on port: 3000
Sat, 13 Jul 2019 20:12:46 GMT - Info - Server is running on port: 3000
Sat, 13 Jul 2019 20:12:52 GMT - Info - Server is running on port: 3000
Sat, 13 Jul 2019 20:14:26 GMT - Info - Server is running on port: 3000
Sat, 13 Jul 2019 20:14:28 GMT - Info - Server is running on port: 3000
Sat, 13 Jul 2019 20:14:33 GMT - Info - Server is running on port: 3000
Sat, 13 Jul 2019 20:14:49 GMT - Info - Server is running on port: 3000
Sat, 13 Jul 2019 20:15:51 GMT - Info - Server is running on port: 3000
Sat, 13 Jul 2019 20:15:53 GMT - Info - Server is running on port: 3000
Sat, 13 Jul 2019 20:15:56 GMT - Info - Server is running on port: 3000
Sat, 13 Jul 2019 20:21:04 GMT - Info - Server is running on port: 3000
Sat, 13 Jul 2019 20:21:09 GMT - Info - Server is running on port: 3000
Sat, 13 Jul 2019 20:21:14 GMT - Info - Server is running on port: 3000
Sat, 13 Jul 2019 20:21:19 GMT - Info - Server is running on port: 3000
Sat, 13 Jul 2019 20:21:22 GMT - Info - Server is running on port: 3000
Sat, 13 Jul 2019 20:21:26 GMT - Info - Server is running on port: 3000
Sat, 13 Jul 2019 20:34:11 GMT - Info - Server is running on port: 3000
Sat, 13 Jul 2019 20:34:23 GMT - Info - Server is running on port: 3000
Sat, 13 Jul 2019 20:34:29 GMT - Info - Server is running on port: 3000
Sat, 13 Jul 2019 20:34:33 GMT - Info - Server is running on port: 3000
Sat, 13 Jul 2019 20:34:45 GMT - Info - Server is running on port: 3000
Sat, 13 Jul 2019 20:35:45 GMT - Info - Server is running on port: 3000
Sat, 13 Jul 2019 20:36:52 GMT - Info - Server is running on port: 3000
Sat, 13 Jul 2019 20:38:53 GMT - Info - Server is running on port: 3000
Sat, 13 Jul 2019 20:39:03 GMT - Info - Server is running on port: 3000
Sat, 13 Jul 2019 20:39:05 GMT - Info - Server is running on port: 3000
Sat, 13 Jul 2019 20:39:20 GMT - Info - Server is running on port: 3000
Sat, 13 Jul 2019 20:39:34 GMT - Info - Server is running on port: 3000
Sat, 13 Jul 2019 20:40:15 GMT - Info - Server is running on port: 3000
Sat, 13 Jul 2019 20:40:19 GMT - Info - Server is running on port: 3000
Sat, 13 Jul 2019 20:40:23 GMT - Info - Server is running on port: 3000
Sat, 13 Jul 2019 20:40:27 GMT - Info - Server is running on port: 3000
Sat, 13 Jul 2019 20:40:33 GMT - Info - Server is running on port: 3000
Sat, 13 Jul 2019 20:42:34 GMT - Info - Server is running on port: 3000
Sat, 13 Jul 2019 20:43:43 GMT - Info - Server is running on port: 3000
Sat, 13 Jul 2019 20:43:46 GMT - Info - Server is running on port: 3000
Sat, 13 Jul 2019 20:43:50 GMT - Info - Server is running on port: 3000
Sat, 13 Jul 2019 20:43:54 GMT - Info - Server is running on port: 3000
Sat, 13 Jul 2019 20:44:52 GMT - Info - Server is running on port: 3000
Sat, 13 Jul 2019 20:46:31 GMT - Info - Server is running on port: 3000
Sat, 13 Jul 2019 20:46:36 GMT - Info - Server is running on port: 3000
Sat, 13 Jul 2019 20:46:40 GMT - Info - Server is running on port: 3000
Sat, 13 Jul 2019 20:46:48 GMT - Info - Server is running on port: 3000
Sat, 13 Jul 2019 20:46:59 GMT - Info - Server is running on port: 3000
Sat, 13 Jul 2019 20:48:14 GMT - Info - Server is running on port: 3000
Sat, 13 Jul 2019 20:48:54 GMT - Info - Server is running on port: 3000
Sat, 13 Jul 2019 20:49:13 GMT - Info - Server is running on port: 3000
Sat, 13 Jul 2019 20:49:16 GMT - Info - Server is running on port: 3000
Sat, 13 Jul 2019 20:49:57 GMT - Info - Server is running on port: 3000
Sat, 13 Jul 2019 20:50:01 GMT - Info - Server is running on port: 3000
Sat, 13 Jul 2019 20:50:45 GMT - Info - Server is running on port: 3000
Sat, 13 Jul 2019 20:50:49 GMT - Info - Server is running on port: 3000
Sat, 13 Jul 2019 20:50:53 GMT - Info - Server is running on port: 3000
Sat, 13 Jul 2019 20:50:55 GMT - Info - Server is running on port: 3000
Sat, 13 Jul 2019 20:50:58 GMT - Info - Server is running on port: 3000
Sat, 13 Jul 2019 20:51:41 GMT - Info - Server is running on port: 3000
Sat, 13 Jul 2019 20:58:58 GMT - Info - Server is running on port: 3000
Sat, 13 Jul 2019 21:03:39 GMT - Info - Server is running on port: 3000
Sat, 13 Jul 2019 21:03:40 GMT - Info - Server is running on port: 3000
Sat, 13 Jul 2019 21:03:44 GMT - Info - Server is running on port: 3000
Sat, 13 Jul 2019 21:03:50 GMT - Info - Server is running on port: 3000
Sat, 13 Jul 2019 21:04:52 GMT - Info - Server is running on port: 3000
Sat, 13 Jul 2019 21:04:58 GMT - Info - Server is running on port: 3000
Sat, 13 Jul 2019 21:04:59 GMT - Info - Server is running on port: 3000
Sat, 13 Jul 2019 21:05:10 GMT - Info - Server is running on port: 3000
Sat, 13 Jul 2019 21:05:12 GMT - Info - Server is running on port: 3000
Sun, 14 Jul 2019 05:42:46 GMT - Info - Server is running on port: 3000
Sun, 14 Jul 2019 07:19:54 GMT - Info - Server is running on port: 3000
Sun, 14 Jul 2019 07:19:56 GMT - Info - Server is running on port: 3000
Sun, 14 Jul 2019 07:20:24 GMT - Info - Server is running on port: 3000
Sun, 14 Jul 2019 07:20:26 GMT - Info - Server is running on port: 3000
Sun, 14 Jul 2019 07:21:32 GMT - Info - Server is running on port: 3000
Sun, 14 Jul 2019 07:21:37 GMT - Info - Server is running on port: 3000
Sun, 14 Jul 2019 07:21:40 GMT - Info - Server is running on port: 3000
Sun, 14 Jul 2019 07:21:49 GMT - Info - Server is running on port: 3000
Sun, 14 Jul 2019 07:22:44 GMT - Info - Server is running on port: 3000
Sun, 14 Jul 2019 07:23:08 GMT - Info - Server is running on port: 3000
Sun, 14 Jul 2019 07:23:18 GMT - Info - Server is running on port: 3000
Sun, 14 Jul 2019 09:19:22 GMT - Info - Server is running on port: 3000
Sun, 14 Jul 2019 09:19:33 GMT - Info - Server is running on port: 3000
Sun, 14 Jul 2019 09:19:35 GMT - Info - Server is running on port: 3000
Sun, 14 Jul 2019 09:20:39 GMT - Info - Server is running on port: 3000
Sun, 14 Jul 2019 09:45:42 GMT - Info - Server is running on port: 3000
Sun, 14 Jul 2019 12:11:16 GMT - Info - Server is running on port: 3000
Sun, 14 Jul 2019 12:11:31 GMT - Info - Server is running on port: 3000
Sun, 14 Jul 2019 12:57:33 GMT - Info - Server is running on port: 3000
Sun, 14 Jul 2019 12:57:37 GMT - Info - Server is running on port: 3000
Sun, 14 Jul 2019 12:57:58 GMT - Info - Server is running on port: 3000
Sun, 14 Jul 2019 12:58:20 GMT - Info - Server is running on port: 3000
Sun, 14 Jul 2019 12:58:26 GMT - Info - Server is running on port: 3000
Sun, 14 Jul 2019 13:05:05 GMT - Info - Server is running on port: 3000
Sun, 14 Jul 2019 13:05:08 GMT - Info - Server is running on port: 3000
Sun, 14 Jul 2019 13:05:11 GMT - Info - Server is running on port: 3000
Sun, 14 Jul 2019 13:05:16 GMT - Info - Server is running on port: 3000
Sun, 14 Jul 2019 13:06:55 GMT - Info - Server is running on port: 3000
Sun, 14 Jul 2019 13:07:01 GMT - Info - Server is running on port: 3000
Sun, 14 Jul 2019 13:07:12 GMT - Info - Server is running on port: 3000
Sun, 14 Jul 2019 13:07:29 GMT - Info - Server is running on port: 3000
Sun, 14 Jul 2019 13:07:38 GMT - Info - Server is running on port: 3000
Sun, 14 Jul 2019 13:07:47 GMT - Info - Server is running on port: 3000
Sun, 14 Jul 2019 13:07:57 GMT - Info - Server is running on port: 3000
Sun, 14 Jul 2019 13:19:53 GMT - Info - Server is running on port: 3000
Sun, 14 Jul 2019 13:20:02 GMT - Info - Server is running on port: 3000
Sun, 14 Jul 2019 13:50:51 GMT - Info - Server is running on port: 3000
Sun, 14 Jul 2019 13:50:53 GMT - Info - Server is running on port: 3000
Sun, 14 Jul 2019 13:51:30 GMT - Info - Server is running on port: 3000
Sun, 14 Jul 2019 13:53:47 GMT - Info - Server is running on port: 3000
Sun, 14 Jul 2019 13:53:50 GMT - Info - Server is running on port: 3000
Mon, 15 Jul 2019 06:22:54 GMT - Info - Server is running on port: 3000
Mon, 15 Jul 2019 06:22:57 GMT - Info - Server is running on port: 3000
Mon, 15 Jul 2019 06:23:00 GMT - Info - Server is running on port: 3000
Mon, 15 Jul 2019 06:23:04 GMT - Info - Server is running on port: 3000
Mon, 15 Jul 2019 06:23:10 GMT - Info - Server is running on port: 3000
Mon, 15 Jul 2019 06:23:23 GMT - Info - Server is running on port: 3000
Mon, 15 Jul 2019 06:23:38 GMT - Info - Server is running on port: 3000
Mon, 15 Jul 2019 06:23:41 GMT - Info - Server is running on port: 3000
Mon, 15 Jul 2019 06:23:45 GMT - Info - Server is running on port: 3000
Mon, 15 Jul 2019 06:24:24 GMT - Info - Server is running on port: 3000
Mon, 15 Jul 2019 06:24:26 GMT - Info - Server is running on port: 3000
Mon, 15 Jul 2019 06:24:35 GMT - Info - Server is running on port: 3000
Mon, 15 Jul 2019 06:24:37 GMT - Info - Server is running on port: 3000
Mon, 15 Jul 2019 06:24:47 GMT - Info - Server is running on port: 3000
Mon, 15 Jul 2019 06:24:49 GMT - Info - Server is running on port: 3000
Mon, 15 Jul 2019 06:24:51 GMT - Info - Server is running on port: 3000
Mon, 15 Jul 2019 06:26:16 GMT - Info - Server is running on port: 3000
Mon, 15 Jul 2019 06:29:14 GMT - Info - Server is running on port: 3000
Mon, 15 Jul 2019 06:29:18 GMT - Info - Server is running on port: 3000
Mon, 15 Jul 2019 06:29:21 GMT - Info - Server is running on port: 3000
Mon, 15 Jul 2019 06:29:27 GMT - Info - Server is running on port: 3000
Mon, 15 Jul 2019 06:30:53 GMT - Info - Server is running on port: 3000
Mon, 15 Jul 2019 06:30:58 GMT - Info - Server is running on port: 3000
Mon, 15 Jul 2019 06:31:01 GMT - Info - Server is running on port: 3000
Mon, 15 Jul 2019 06:31:31 GMT - Info - Server is running on port: 3000
Mon, 15 Jul 2019 06:31:34 GMT - Info - Server is running on port: 3000
Mon, 15 Jul 2019 06:31:38 GMT - Info - Server is running on port: 3000
Mon, 15 Jul 2019 06:31:41 GMT - Info - Server is running on port: 3000
Mon, 15 Jul 2019 06:31:43 GMT - Info - Server is running on port: 3000
Mon, 15 Jul 2019 06:33:06 GMT - Info - Server is running on port: 3000
Mon, 15 Jul 2019 06:33:12 GMT - Info - Server is running on port: 3000
Mon, 15 Jul 2019 06:33:22 GMT - Info - Server is running on port: 3000
Mon, 15 Jul 2019 06:33:30 GMT - Info - Server is running on port: 3000
Mon, 15 Jul 2019 06:33:32 GMT - Info - Server is running on port: 3000
Mon, 15 Jul 2019 06:34:14 GMT - Info - Server is running on port: 3000
Mon, 15 Jul 2019 06:34:17 GMT - Info - Server is running on port: 3000
Mon, 15 Jul 2019 06:34:25 GMT - Info - Server is running on port: 3000
Mon, 15 Jul 2019 06:34:28 GMT - Info - Server is running on port: 3000
Mon, 15 Jul 2019 06:34:57 GMT - Info - Server is running on port: 3000
Mon, 15 Jul 2019 06:35:00 GMT - Info - Server is running on port: 3000
Mon, 15 Jul 2019 06:35:06 GMT - Info - Server is running on port: 3000
Mon, 15 Jul 2019 06:35:11 GMT - Info - Server is running on port: 3000
Mon, 15 Jul 2019 06:35:35 GMT - Info - Server is running on port: 3000
Mon, 15 Jul 2019 06:35:40 GMT - Info - Server is running on port: 3000
Mon, 15 Jul 2019 06:35:43 GMT - Info - Server is running on port: 3000
Mon, 15 Jul 2019 06:35:45 GMT - Info - Server is running on port: 3000
Mon, 15 Jul 2019 06:35:58 GMT - Info - Server is running on port: 3000
Mon, 15 Jul 2019 06:36:01 GMT - Info - Server is running on port: 3000
Mon, 15 Jul 2019 06:36:05 GMT - Info - Server is running on port: 3000
Mon, 15 Jul 2019 06:40:23 GMT - Info - Server is running on port: 3000
Mon, 15 Jul 2019 06:40:27 GMT - Info - Server is running on port: 3000
Mon, 15 Jul 2019 06:40:29 GMT - Info - Server is running on port: 3000
Mon, 15 Jul 2019 06:40:38 GMT - Info - Server is running on port: 3000
Mon, 15 Jul 2019 06:40:59 GMT - Info - Server is running on port: 3000
Mon, 15 Jul 2019 06:41:02 GMT - Info - Server is running on port: 3000
Mon, 15 Jul 2019 06:41:08 GMT - Info - Server is running on port: 3000
Mon, 15 Jul 2019 07:12:35 GMT - Info - Server is running on port: 3000
Mon, 15 Jul 2019 09:15:40 GMT - Info - Server is running on port: 3000
Mon, 15 Jul 2019 09:15:49 GMT - Info - Server is running on port: 3000
Mon, 15 Jul 2019 09:15:52 GMT - Info - Server is running on port: 3000
Mon, 15 Jul 2019 12:12:57 GMT - Info - Server is running on port: 3000
Mon, 15 Jul 2019 12:31:30 GMT - Info - Server is running on port: 3000
Mon, 15 Jul 2019 13:19:40 GMT - Info - Server is running on port: 3000
Mon, 15 Jul 2019 13:20:18 GMT - Info - Server is running on port: 3000
Mon, 15 Jul 2019 13:20:21 GMT - Info - Server is running on port: 3000
Mon, 15 Jul 2019 13:20:35 GMT - Info - Server is running on port: 3000
Mon, 15 Jul 2019 14:17:02 GMT - Info - Server is running on port: 3000
Mon, 15 Jul 2019 14:17:13 GMT - Info - Server is running on port: 3000
Mon, 15 Jul 2019 14:17:16 GMT - Info - Server is running on port: 3000
Mon, 15 Jul 2019 14:23:44 GMT - Info - Server is running on port: 3000
Mon, 15 Jul 2019 14:23:47 GMT - Info - Server is running on port: 3000
Mon, 15 Jul 2019 14:24:20 GMT - Info - Server is running on port: 3000
Mon, 15 Jul 2019 14:37:17 GMT - Info - Server is running on port: 3000
Mon, 15 Jul 2019 14:37:21 GMT - Info - Server is running on port: 3000
Mon, 15 Jul 2019 14:37:26 GMT - Info - Server is running on port: 3000
Mon, 15 Jul 2019 14:37:28 GMT - Info - Server is running on port: 3000
Mon, 15 Jul 2019 14:41:44 GMT - Info - Server is running on port: 3000
Mon, 15 Jul 2019 14:41:48 GMT - Info - Server is running on port: 3000
Mon, 15 Jul 2019 14:51:47 GMT - Info - Server is running on port: 3000
Mon, 15 Jul 2019 14:51:54 GMT - Info - Server is running on port: 3000
Mon, 15 Jul 2019 14:51:59 GMT - Info - Server is running on port: 3000
Mon, 15 Jul 2019 15:02:53 GMT - Info - Server is running on port: 3000
Mon, 15 Jul 2019 15:03:32 GMT - Info - Server is running on port: 3000
Mon, 15 Jul 2019 15:03:35 GMT - Info - Server is running on port: 3000
Mon, 15 Jul 2019 15:03:44 GMT - Info - Server is running on port: 3000
Mon, 15 Jul 2019 15:03:46 GMT - Info - Server is running on port: 3000
Mon, 15 Jul 2019 15:12:12 GMT - Info - Server is running on port: 3000
Mon, 15 Jul 2019 15:12:15 GMT - Info - Server is running on port: 3000
Mon, 15 Jul 2019 15:12:32 GMT - Info - Server is running on port: 3000
Mon, 15 Jul 2019 15:13:16 GMT - Info - Server is running on port: 3000
Mon, 15 Jul 2019 15:13:47 GMT - Info - Server is running on port: 3000
Mon, 15 Jul 2019 15:13:50 GMT - Info - Server is running on port: 3000
Mon, 15 Jul 2019 15:16:54 GMT - Info - Server is running on port: 3000
Mon, 15 Jul 2019 15:16:57 GMT - Info - Server is running on port: 3000
Mon, 15 Jul 2019 15:20:11 GMT - Info - Server is running on port: 3000
Mon, 15 Jul 2019 15:20:17 GMT - Info - Server is running on port: 3000
Mon, 15 Jul 2019 15:20:42 GMT - Info - Server is running on port: 3000
Mon, 15 Jul 2019 15:20:56 GMT - Info - Server is running on port: 3000
Mon, 15 Jul 2019 15:21:08 GMT - Info - Server is running on port: 3000
Mon, 15 Jul 2019 15:21:57 GMT - Info - Server is running on port: 3000
Mon, 15 Jul 2019 15:22:00 GMT - Info - Server is running on port: 3000
Mon, 15 Jul 2019 15:22:20 GMT - Info - Server is running on port: 3000
Mon, 15 Jul 2019 15:22:23 GMT - Info - Server is running on port: 3000
Mon, 15 Jul 2019 15:22:35 GMT - Info - Server is running on port: 3000
Mon, 15 Jul 2019 15:23:02 GMT - Info - Server is running on port: 3000
Mon, 15 Jul 2019 15:23:04 GMT - Info - Server is running on port: 3000
Mon, 15 Jul 2019 15:23:19 GMT - Info - Server is running on port: 3000
Mon, 15 Jul 2019 15:23:38 GMT - Info - Server is running on port: 3000
Mon, 15 Jul 2019 15:23:54 GMT - Info - Server is running on port: 3000
Mon, 15 Jul 2019 15:24:01 GMT - Info - Server is running on port: 3000
Mon, 15 Jul 2019 15:24:25 GMT - Info - Server is running on port: 3000
Mon, 15 Jul 2019 15:25:03 GMT - Info - Server is running on port: 3000
Mon, 15 Jul 2019 15:25:30 GMT - Info - Server is running on port: 3000
Mon, 15 Jul 2019 15:25:33 GMT - Info - Server is running on port: 3000
Mon, 15 Jul 2019 15:25:38 GMT - Info - Server is running on port: 3000
Mon, 15 Jul 2019 15:26:57 GMT - Info - Server is running on port: 3000
Mon, 15 Jul 2019 15:31:58 GMT - Info - Server is running on port: 3000
Mon, 15 Jul 2019 15:32:01 GMT - Info - Server is running on port: 3000
Mon, 15 Jul 2019 15:32:05 GMT - Info - Server is running on port: 3000
Mon, 15 Jul 2019 15:32:13 GMT - Info - Server is running on port: 3000
Mon, 15 Jul 2019 15:33:22 GMT - Info - Server is running on port: 3000
Mon, 15 Jul 2019 15:35:29 GMT - Info - Server is running on port: 3000
Mon, 15 Jul 2019 15:35:31 GMT - Info - Server is running on port: 3000
Mon, 15 Jul 2019 15:35:41 GMT - Info - Server is running on port: 3000
Mon, 15 Jul 2019 15:36:21 GMT - Info - Server is running on port: 3000
Mon, 15 Jul 2019 15:36:27 GMT - Info - Server is running on port: 3000
Mon, 15 Jul 2019 15:38:09 GMT - Info - Server is running on port: 3000
Mon, 15 Jul 2019 15:38:16 GMT - Info - Server is running on port: 3000
Mon, 15 Jul 2019 15:38:20 GMT - Info - Server is running on port: 3000
Mon, 15 Jul 2019 15:38:26 GMT - Info - Server is running on port: 3000
Mon, 15 Jul 2019 15:38:29 GMT - Info - Server is running on port: 3000
Mon, 15 Jul 2019 15:38:46 GMT - Info - Server is running on port: 3000
Mon, 15 Jul 2019 15:53:47 GMT - Info - Server is running on port: 3000
Mon, 15 Jul 2019 15:54:23 GMT - Info - Server is running on port: 3000
Mon, 15 Jul 2019 15:59:21 GMT - Info - Server is running on port: 3000
Mon, 15 Jul 2019 15:59:35 GMT - Info - Server is running on port: 3000
Mon, 15 Jul 2019 15:59:39 GMT - Info - Server is running on port: 3000
Mon, 15 Jul 2019 15:59:59 GMT - Info - Server is running on port: 3000
Mon, 15 Jul 2019 16:00:10 GMT - Info - Server is running on port: 3000
Mon, 15 Jul 2019 16:00:24 GMT - Info - Server is running on port: 3000
Mon, 15 Jul 2019 16:00:49 GMT - Info - Server is running on port: 3000
Mon, 15 Jul 2019 19:33:02 GMT - Info - Server is running on port: 3000
Tue, 16 Jul 2019 08:05:58 GMT - Info - Server is running on port: 3000
Tue, 16 Jul 2019 16:44:33 GMT - Info - Server is running on port: 3000
Tue, 16 Jul 2019 16:45:13 GMT - Info - Server is running on port: 3000
Tue, 16 Jul 2019 16:45:17 GMT - Info - Server is running on port: 3000
Tue, 16 Jul 2019 16:45:21 GMT - Info - Server is running on port: 3000
Tue, 16 Jul 2019 16:45:28 GMT - Info - Server is running on port: 3000
Tue, 16 Jul 2019 16:45:35 GMT - Info - Server is running on port: 3000
Tue, 16 Jul 2019 16:45:39 GMT - Info - Server is running on port: 3000
Tue, 16 Jul 2019 16:45:43 GMT - Info - Server is running on port: 3000
Tue, 16 Jul 2019 16:46:39 GMT - Info - Server is running on port: 3000
Tue, 16 Jul 2019 16:46:44 GMT - Info - Server is running on port: 3000
Tue, 16 Jul 2019 16:51:28 GMT - Info - Server is running on port: 3000
Tue, 16 Jul 2019 16:51:50 GMT - Info - Server is running on port: 3000
Tue, 16 Jul 2019 16:51:52 GMT - Info - Server is running on port: 3000
Tue, 16 Jul 2019 16:52:00 GMT - Info - Server is running on port: 3000
Tue, 16 Jul 2019 16:52:05 GMT - Info - Server is running on port: 3000
Tue, 16 Jul 2019 16:52:31 GMT - Info - Server is running on port: 3000
Tue, 16 Jul 2019 16:52:38 GMT - Info - Server is running on port: 3000
Tue, 16 Jul 2019 16:52:56 GMT - Info - Server is running on port: 3000
Tue, 16 Jul 2019 16:52:58 GMT - Info - Server is running on port: 3000
Tue, 16 Jul 2019 16:53:13 GMT - Info - Server is running on port: 3000
Tue, 16 Jul 2019 16:54:08 GMT - Info - Server is running on port: 3000
Tue, 16 Jul 2019 16:54:12 GMT - Info - Server is running on port: 3000
Tue, 16 Jul 2019 16:55:11 GMT - Info - Server is running on port: 3000
Tue, 16 Jul 2019 16:55:24 GMT - Info - Server is running on port: 3000
Tue, 16 Jul 2019 16:57:02 GMT - Info - Server is running on port: 3000
Tue, 16 Jul 2019 16:57:18 GMT - Info - Server is running on port: 3000
Tue, 16 Jul 2019 16:57:51 GMT - Info - Server is running on port: 3000
Tue, 16 Jul 2019 16:59:31 GMT - Info - Server is running on port: 3000
Tue, 16 Jul 2019 17:00:29 GMT - Info - Server is running on port: 3000
Tue, 16 Jul 2019 17:00:35 GMT - Info - Server is running on port: 3000
Tue, 16 Jul 2019 17:01:43 GMT - Info - Server is running on port: 3000
Tue, 16 Jul 2019 17:03:40 GMT - Info - Server is running on port: 3000
Tue, 16 Jul 2019 17:03:42 GMT - Info - Server is running on port: 3000
Tue, 16 Jul 2019 17:14:21 GMT - Info - Server is running on port: 3000
Tue, 16 Jul 2019 17:16:11 GMT - Info - Server is running on port: 3000
Tue, 16 Jul 2019 17:16:14 GMT - Info - Server is running on port: 3000
Tue, 16 Jul 2019 17:16:17 GMT - Info - Server is running on port: 3000
Tue, 16 Jul 2019 17:16:28 GMT - Info - Server is running on port: 3000
Tue, 16 Jul 2019 17:18:59 GMT - Info - Server is running on port: 3000
Tue, 16 Jul 2019 17:19:09 GMT - Info - Server is running on port: 3000
Tue, 16 Jul 2019 17:19:23 GMT - Info - Server is running on port: 3000
Tue, 16 Jul 2019 17:19:27 GMT - Info - Server is running on port: 3000
Tue, 16 Jul 2019 17:19:31 GMT - Info - Server is running on port: 3000
Tue, 16 Jul 2019 17:19:44 GMT - Info - Server is running on port: 3000
Tue, 16 Jul 2019 17:20:24 GMT - Info - Server is running on port: 3000
Tue, 16 Jul 2019 17:24:51 GMT - Info - Server is running on port: 3000
Tue, 16 Jul 2019 17:25:05 GMT - Info - Server is running on port: 3000
Tue, 16 Jul 2019 17:33:08 GMT - Info - Server is running on port: 3000
Tue, 16 Jul 2019 18:11:27 GMT - Info - Server is running on port: 3000
Tue, 16 Jul 2019 18:14:15 GMT - Info - Server is running on port: 3000
Tue, 16 Jul 2019 18:46:54 GMT - Info - Server is running on port: 3000
Tue, 16 Jul 2019 18:46:58 GMT - Info - Server is running on port: 3000
Tue, 16 Jul 2019 18:48:05 GMT - Info - Server is running on port: 3000
Tue, 16 Jul 2019 18:48:50 GMT - Info - Server is running on port: 3000
Wed, 17 Jul 2019 06:39:30 GMT - Info - Server is running on port: 3000
Wed, 17 Jul 2019 06:51:21 GMT - Info - Server is running on port: 3000